<?xml version="1.0" encoding="UTF-8"?>
<!-- Generated by org.testng.reporters.JUnitXMLReporter -->
<testsuite hostname="GMLEAYANGIL" ignored="0" name="Test" tests="1" failures="1" timestamp="23 Şub 2021 14:56:26 GMT" time="21.617" errors="0">
  <testcase name="feature" time="12.967" classname="com.project.tests.TestRunner">
    <failure type="cucumber.runtime.CucumberException" message="java.lang.AssertionError: expected [true] but found [false]">
      <![CDATA[cucumber.runtime.CucumberException: java.lang.AssertionError: expected [true] but found [false]
at cucumber.api.testng.TestNGCucumberRunner.runCucumber(TestNGCucumberRunner.java:69)
at com.project.tests.TestRunner.feature(TestRunner.java:56)
Caused by: java.lang.AssertionError: expected [true] but found [false]
at com.project.tests.CheckFaturaMenuTest.test_checkFaturaMenu(CheckFaturaMenuTest.java:25)
at com.project.stepdefs.stepdef.checkIslemleri(stepdef.java:144)
at ✽.Then CheckIslemleri(SanitySuite.feature:113)
... Removed 29 stack frames]]>
    </failure>
  </testcase> <!-- feature -->
</testsuite> <!-- Test -->
